[0.014s] Invoking command in '/home/debian/ros-cuda/build/roscuda_vectoradd': CMAKE_PREFIX_PATH=${CMAKE_PREFIX_PATH}:/opt/ros/jazzy CONDA_PROMPT_MODIFIER=(base) DEBUGINFOD_URLS=https://debuginfod.ubuntu.com /usr/bin/cmake /home/debian/ros-cuda/roscuda_vectoradd -DCMAKE_INSTALL_PREFIX=/home/debian/ros-cuda/install/roscuda_vectoradd
[0.088s] -- The C compiler identification is GNU 12.3.0
[0.162s] -- The CXX compiler identification is GNU 13.3.0
[0.183s] -- Detecting C compiler ABI info
[0.304s] -- Detecting C compiler ABI info - done
[0.317s] -- Check for working C compiler: /usr/bin/cc - skipped
[0.317s] -- Detecting C compile features
[0.318s] -- Detecting C compile features - done
[0.333s] -- Detecting CXX compiler ABI info
[0.470s] -- Detecting CXX compiler ABI info - done
[0.480s] -- Check for working CXX compiler: /usr/bin/c++ - skipped
[0.481s] -- Detecting CXX compile features
[0.481s] -- Detecting CXX compile features - done
[0.482s] [33mCMake Warning (dev) at CMakeLists.txt:5 (find_package):
[0.482s]   Policy CMP0146 is not set: The FindCUDA module is removed.  Run "cmake
[0.482s]   --help-policy CMP0146" for policy details.  Use the cmake_policy command to
[0.482s]   set the policy and suppress this warning.
[0.482s] 
[0.482s] This warning is for project developers.  Use -Wno-dev to suppress it.
[0.482s] [0m
[0.520s] -- Performing Test CMAKE_HAVE_LIBC_PTHREAD
[0.636s] -- Performing Test CMAKE_HAVE_LIBC_PTHREAD - Success
[0.637s] -- Found Threads: TRUE  
[0.670s] -- Found CUDA: /usr (found version "12.0") 
[0.673s] -- Found ament_cmake: 2.5.3 (/opt/ros/jazzy/share/ament_cmake/cmake)
[0.810s] -- Found Python3: /home/debian/miniconda3/bin/python3 (found version "3.12.8") found components: Interpreter 
[0.933s] -- Found rclcpp: 28.1.6 (/opt/ros/jazzy/share/rclcpp/cmake)
[0.970s] -- Found rosidl_generator_c: 4.6.5 (/opt/ros/jazzy/share/rosidl_generator_c/cmake)
[0.983s] -- Found rosidl_generator_cpp: 4.6.5 (/opt/ros/jazzy/share/rosidl_generator_cpp/cmake)
[0.998s] -- Using all available rosidl_typesupport_c: rosidl_typesupport_fastrtps_c;rosidl_typesupport_introspection_c
[1.018s] -- Using all available rosidl_typesupport_cpp: rosidl_typesupport_fastrtps_cpp;rosidl_typesupport_introspection_cpp
[1.101s] -- Found rmw_implementation_cmake: 7.3.1 (/opt/ros/jazzy/share/rmw_implementation_cmake/cmake)
[1.103s] -- Found rmw_fastrtps_cpp: 8.4.1 (/opt/ros/jazzy/share/rmw_fastrtps_cpp/cmake)
[1.199s] -- Found OpenSSL: /usr/lib/x86_64-linux-gnu/libcrypto.so (found version "3.0.13")  
[1.229s] -- Found FastRTPS: /opt/ros/jazzy/include (Required is at least version "2.13") 
[1.264s] -- Using RMW implementation 'rmw_fastrtps_cpp' as default
[1.469s] -- Configuring done (1.4s)
[1.481s] -- Generating done (0.0s)
[1.485s] -- Build files have been written to: /home/debian/ros-cuda/build/roscuda_vectoradd
[1.502s] Invoked command in '/home/debian/ros-cuda/build/roscuda_vectoradd' returned '0': CMAKE_PREFIX_PATH=${CMAKE_PREFIX_PATH}:/opt/ros/jazzy CONDA_PROMPT_MODIFIER=(base) DEBUGINFOD_URLS=https://debuginfod.ubuntu.com /usr/bin/cmake /home/debian/ros-cuda/roscuda_vectoradd -DCMAKE_INSTALL_PREFIX=/home/debian/ros-cuda/install/roscuda_vectoradd
[1.503s] Invoking command in '/home/debian/ros-cuda/build/roscuda_vectoradd': CMAKE_PREFIX_PATH=${CMAKE_PREFIX_PATH}:/opt/ros/jazzy CONDA_PROMPT_MODIFIER=(base) DEBUGINFOD_URLS=https://debuginfod.ubuntu.com /usr/bin/cmake --build /home/debian/ros-cuda/build/roscuda_vectoradd
[1.562s] [ 25%] [34m[1mBuilding NVCC (Device) object CMakeFiles/vectoradd_cuda.dir/src/vectoradd_cuda_generated_vectoradd.cu.o[0m
[3.511s] [ 50%] [32m[1mLinking CXX shared library libvectoradd_cuda.so[0m
[3.611s] [ 50%] Built target vectoradd_cuda
[3.640s] [ 75%] [32mBuilding CXX object CMakeFiles/vectoradd_node.dir/src/vectoradd_node.cpp.o[0m
[3.652s] [01m[K/home/debian/ros-cuda/roscuda_vectoradd/src/vectoradd_node.cpp:1:10:[m[K [01;31m[Kfatal error: [m[Krclcpp/rclcpp.hpp: No such file or directory
[3.652s]     1 | #include [01;31m[K"rclcpp/rclcpp.hpp"[m[K
[3.652s]       |          [01;31m[K^~~~~~~~~~~~~~~~~~~[m[K
[3.652s] compilation terminated.
[3.653s] gmake[2]: *** [CMakeFiles/vectoradd_node.dir/build.make:76: CMakeFiles/vectoradd_node.dir/src/vectoradd_node.cpp.o] Error 1
[3.653s] gmake[1]: *** [CMakeFiles/Makefile2:165: CMakeFiles/vectoradd_node.dir/all] Error 2
[3.653s] gmake: *** [Makefile:146: all] Error 2
[3.657s] Invoked command in '/home/debian/ros-cuda/build/roscuda_vectoradd' returned '2': CMAKE_PREFIX_PATH=${CMAKE_PREFIX_PATH}:/opt/ros/jazzy CONDA_PROMPT_MODIFIER=(base) DEBUGINFOD_URLS=https://debuginfod.ubuntu.com /usr/bin/cmake --build /home/debian/ros-cuda/build/roscuda_vectoradd
